android/app/build/intermediates/manifest_merge_blame_file/debug/manifest-merger-blame-debug-report.txt
1<?xml version="1.0" encoding="utf-8"?>
2<manifest xmlns:android="http://schemas.android.com/apk/res/android"
3    package="com.ibeacon"
4    android:versionCode="1"
5    android:versionName="1.0" >
6
7    <uses-sdk
8        android:minSdkVersion="21"
9        android:targetSdkVersion="31" />
10
11    <uses-permission android:name="android.permission.SYSTEM_ALERT_WINDOW" />
11-->src\debug\AndroidManifest.xml:5:5-77
11-->src\debug\AndroidManifest.xml:5:22-75
12    <uses-permission android:name="android.permission.INTERNET" />
12-->src\main\AndroidManifest.xml:4:5-67
12-->src\main\AndroidManifest.xml:4:22-64
13    <uses-permission
13-->src\main\AndroidManifest.xml:5:5-67
14        android:name="android.permission.BLUETOOTH"
14-->src\main\AndroidManifest.xml:5:22-65
15        android:required="false" />
15-->[org.altbeacon:android-beacon-library:2.19.5-beta5] AndroidManifest.xml:12:9-33
16    <uses-permission
16-->src\main\AndroidManifest.xml:6:5-73
17        android:name="android.permission.BLUETOOTH_ADMIN"
17-->src\main\AndroidManifest.xml:6:22-71
18        android:required="false" />
18-->[org.altbeacon:android-beacon-library:2.19.5-beta5] AndroidManifest.xml:15:9-33
19    <uses-permission android:name="android.permission.ACCESS_COARSE_LOCATION" />
19-->src\main\AndroidManifest.xml:7:5-80
19-->src\main\AndroidManifest.xml:7:22-78
20    <uses-permission android:name="android.permission.ACCESS_FINE_LOCATION" />
20-->src\main\AndroidManifest.xml:8:5-78
20-->src\main\AndroidManifest.xml:8:22-76
21    <uses-permission android:name="android.permission.ACCESS_BACKGROUND_LOCATION" />
21-->src\main\AndroidManifest.xml:9:5-84
21-->src\main\AndroidManifest.xml:9:22-82
22    <uses-permission android:name="android.permission.BLUETOOTH_SCAN" />
22-->src\main\AndroidManifest.xml:10:5-72
22-->src\main\AndroidManifest.xml:10:22-70
23    <uses-permission android:name="android.permission.ACCESS_WIFI_STATE" />
23-->[com.facebook.flipper:flipper:0.125.0] AndroidManifest.xml:16:5-76
23-->[com.facebook.flipper:flipper:0.125.0] AndroidManifest.xml:16:22-73
24    <uses-permission android:name="android.permission.RECEIVE_BOOT_COMPLETED" />
24-->[org.altbeacon:android-beacon-library:2.19.5-beta5] AndroidManifest.xml:16:5-81
24-->[org.altbeacon:android-beacon-library:2.19.5-beta5] AndroidManifest.xml:16:22-78
25
26    <application
26-->src\main\AndroidManifest.xml:12:5-31:19
27        android:name="com.ibeacon.MainApplication"
27-->src\main\AndroidManifest.xml:13:7-38
28        android:allowBackup="false"
28-->src\main\AndroidManifest.xml:17:7-34
29        android:appComponentFactory="androidx.core.app.CoreComponentFactory"
29-->[androidx.core:core:1.6.0] AndroidManifest.xml:24:18-86
30        android:debuggable="true"
31        android:icon="@mipmap/ic_launcher"
31-->src\main\AndroidManifest.xml:15:7-41
32        android:label="@string/app_name"
32-->src\main\AndroidManifest.xml:14:7-39
33        android:roundIcon="@mipmap/ic_launcher_round"
33-->src\main\AndroidManifest.xml:16:7-52
34        android:theme="@style/AppTheme"
34-->src\main\AndroidManifest.xml:18:7-38
35        android:usesCleartextTraffic="true" >
35-->src\debug\AndroidManifest.xml:8:9-44
36        <activity
36-->src\debug\AndroidManifest.xml:11:9-111
37            android:name="com.facebook.react.devsupport.DevSettingsActivity"
37-->src\debug\AndroidManifest.xml:11:19-83
38            android:exported="false" />
38-->src\debug\AndroidManifest.xml:11:84-108
39        <activity
39-->src\main\AndroidManifest.xml:19:7-30:18
40            android:name="com.ibeacon.MainActivity"
40-->src\main\AndroidManifest.xml:20:9-37
41            android:configChanges="keyboard|keyboardHidden|orientation|screenLayout|screenSize|smallestScreenSize|uiMode"
41-->src\main\AndroidManifest.xml:22:9-118
42            android:exported="true"
42-->src\main\AndroidManifest.xml:25:9-32
43            android:label="@string/app_name"
43-->src\main\AndroidManifest.xml:21:9-41
44            android:launchMode="singleTask"
44-->src\main\AndroidManifest.xml:23:9-40
45            android:windowSoftInputMode="adjustResize" >
45-->src\main\AndroidManifest.xml:24:9-51
46            <intent-filter>
46-->src\main\AndroidManifest.xml:26:9-29:25
47                <action android:name="android.intent.action.MAIN" />
47-->src\main\AndroidManifest.xml:27:13-65
47-->src\main\AndroidManifest.xml:27:21-62
48
49                <category android:name="android.intent.category.LAUNCHER" />
49-->src\main\AndroidManifest.xml:28:13-73
49-->src\main\AndroidManifest.xml:28:23-70
50            </intent-filter>
51        </activity>
52
53        <receiver
53-->[org.altbeacon:android-beacon-library:2.19.5-beta5] AndroidManifest.xml:20:9-28:20
54            android:name="org.altbeacon.beacon.startup.StartupBroadcastReceiver"
54-->[org.altbeacon:android-beacon-library:2.19.5-beta5] AndroidManifest.xml:21:13-81
55            android:exported="false" >
55-->[org.altbeacon:android-beacon-library:2.19.5-beta5] AndroidManifest.xml:22:13-37
56            <intent-filter>
56-->[org.altbeacon:android-beacon-library:2.19.5-beta5] AndroidManifest.xml:23:13-27:29
57                <action android:name="android.intent.action.BOOT_COMPLETED" />
57-->[org.altbeacon:android-beacon-library:2.19.5-beta5] AndroidManifest.xml:24:17-79
57-->[org.altbeacon:android-beacon-library:2.19.5-beta5] AndroidManifest.xml:24:25-76
58                <action android:name="android.intent.action.ACTION_POWER_CONNECTED" />
58-->[org.altbeacon:android-beacon-library:2.19.5-beta5] AndroidManifest.xml:25:17-87
58-->[org.altbeacon:android-beacon-library:2.19.5-beta5] AndroidManifest.xml:25:25-84
59                <action android:name="android.intent.action.ACTION_POWER_DISCONNECTED" />
59-->[org.altbeacon:android-beacon-library:2.19.5-beta5] AndroidManifest.xml:26:17-90
59-->[org.altbeacon:android-beacon-library:2.19.5-beta5] AndroidManifest.xml:26:25-87
60            </intent-filter>
61        </receiver>
62
63        <service
63-->[org.altbeacon:android-beacon-library:2.19.5-beta5] AndroidManifest.xml:30:9-35:38
64            android:name="org.altbeacon.beacon.service.BeaconService"
64-->[org.altbeacon:android-beacon-library:2.19.5-beta5] AndroidManifest.xml:31:13-70
65            android:enabled="true"
65-->[org.altbeacon:android-beacon-library:2.19.5-beta5] AndroidManifest.xml:32:13-35
66            android:exported="false"
66-->[org.altbeacon:android-beacon-library:2.19.5-beta5] AndroidManifest.xml:33:13-37
67            android:isolatedProcess="false"
67-->[org.altbeacon:android-beacon-library:2.19.5-beta5] AndroidManifest.xml:34:13-44
68            android:label="beacon" />
68-->[org.altbeacon:android-beacon-library:2.19.5-beta5] AndroidManifest.xml:35:13-35
69        <service
69-->[org.altbeacon:android-beacon-library:2.19.5-beta5] AndroidManifest.xml:36:9-39:40
70            android:name="org.altbeacon.beacon.BeaconIntentProcessor"
70-->[org.altbeacon:android-beacon-library:2.19.5-beta5] AndroidManifest.xml:37:13-70
71            android:enabled="true"
71-->[org.altbeacon:android-beacon-library:2.19.5-beta5] AndroidManifest.xml:38:13-35
72            android:exported="false" />
72-->[org.altbeacon:android-beacon-library:2.19.5-beta5] AndroidManifest.xml:39:13-37
73        <service
73-->[org.altbeacon:android-beacon-library:2.19.5-beta5] AndroidManifest.xml:40:9-50:19
74            android:name="org.altbeacon.beacon.service.ScanJob"
74-->[org.altbeacon:android-beacon-library:2.19.5-beta5] AndroidManifest.xml:41:13-64
75            android:exported="false"
75-->[org.altbeacon:android-beacon-library:2.19.5-beta5] AndroidManifest.xml:42:13-37
76            android:permission="android.permission.BIND_JOB_SERVICE" >
76-->[org.altbeacon:android-beacon-library:2.19.5-beta5] AndroidManifest.xml:43:13-69
77            <meta-data
77-->[org.altbeacon:android-beacon-library:2.19.5-beta5] AndroidManifest.xml:44:13-46:45
78                android:name="immediateScanJobId"
78-->[org.altbeacon:android-beacon-library:2.19.5-beta5] AndroidManifest.xml:45:17-50
79                android:value="208352939" />
79-->[org.altbeacon:android-beacon-library:2.19.5-beta5] AndroidManifest.xml:46:17-42
80            <meta-data
80-->[org.altbeacon:android-beacon-library:2.19.5-beta5] AndroidManifest.xml:47:13-49:45
81                android:name="periodicScanJobId"
81-->[org.altbeacon:android-beacon-library:2.19.5-beta5] AndroidManifest.xml:48:17-49
82                android:value="208352940" />
82-->[org.altbeacon:android-beacon-library:2.19.5-beta5] AndroidManifest.xml:49:17-42
83        </service>
84        <service
84-->[org.altbeacon:android-beacon-library:2.19.5-beta5] AndroidManifest.xml:51:9-58:19
85            android:name="org.altbeacon.bluetooth.BluetoothTestJob"
85-->[org.altbeacon:android-beacon-library:2.19.5-beta5] AndroidManifest.xml:52:13-68
86            android:exported="false"
86-->[org.altbeacon:android-beacon-library:2.19.5-beta5] AndroidManifest.xml:53:13-37
87            android:permission="android.permission.BIND_JOB_SERVICE" >
87-->[org.altbeacon:android-beacon-library:2.19.5-beta5] AndroidManifest.xml:54:13-69
88            <meta-data
88-->[org.altbeacon:android-beacon-library:2.19.5-beta5] AndroidManifest.xml:55:13-57:46
89                android:name="jobId"
89-->[org.altbeacon:android-beacon-library:2.19.5-beta5] AndroidManifest.xml:56:17-37
90                android:value="1799803768" />
90-->[org.altbeacon:android-beacon-library:2.19.5-beta5] AndroidManifest.xml:57:17-43
91        </service>
92    </application>
93
94</manifest>